<?xml version="1.0" encoding="UTF-8"?>
<!-- Generated by org.testng.reporters.JUnitReportReporter -->
<testsuite hostname="DESKTOP-RCMCRH0" failures="0" tests="3" name="com.qa.testscripts.AmazonDDTDataProviderExcel" time="132.362" errors="0" timestamp="2021-01-07T19:02:25 IST" skipped="0">
  <testcase classname="com.qa.testscripts.AmazonDDTDataProviderExcel" name="SearchItem" time="36.496"/>
  <system-out/>
  <testcase classname="com.qa.testscripts.AmazonDDTDataProviderExcel" name="SearchItem" time="24.317"/>
  <system-out/>
  <testcase classname="com.qa.testscripts.AmazonDDTDataProviderExcel" name="SearchItem" time="71.549"/>
  <system-out/>
</testsuite> <!-- com.qa.testscripts.AmazonDDTDataProviderExcel -->
