<?xml version="1.0" encoding="UTF-8"?>
<!-- Generated by org.testng.reporters.JUnitReportReporter -->
<testsuite hostname="DESKTOP-RCMCRH0" failures="0" tests="1" name="com.qa.testscripts.WorkingWithDragAndDrop" time="19.977" errors="0" timestamp="2021-01-06T13:29:12 IST" skipped="0">
  <testcase classname="com.qa.testscripts.WorkingWithDragAndDrop" name="DragDropAction" time="19.977"/>
  <system-out/>
</testsuite> <!-- com.qa.testscripts.WorkingWithDragAndDrop -->
