<?xml version="1.0" encoding="UTF-8"?>
<!-- Generated by org.testng.reporters.JUnitReportReporter -->
<testsuite hostname="DESKTOP-RCMCRH0" failures="0" tests="1" name="com.qa.testscripts.ParameterizationUsingExcel" time="40.619" errors="0" timestamp="2021-01-06T17:19:27 IST" skipped="0">
  <testcase classname="com.qa.testscripts.ParameterizationUsingExcel" name="GoogleSearch" time="40.619"/>
  <system-out>
automation testing automation testing tools automation testing interview questions automation testing jobs automation testing tools list automation testing jobs in hyderabad automation testing tutorial automation testing selenium automation testing means automation testing definition  performance testing performance testing tools performance testing jobs performance testing interview questions performance testing automation framework performance testing in software testing performance testing jobs in hyderabad performance testing jobs in bangalore performance testing life cycle performance testing services  software testing software testing methodologies software testing tools software testing life cycle software testing services software testing services company software testing interview questions software testing company software testing techniques software testing jobs   </system-out>
</testsuite> <!-- com.qa.testscripts.ParameterizationUsingExcel -->
