<?xml version="1.0" encoding="UTF-8"?>
<!-- Generated by org.testng.reporters.JUnitReportReporter -->
<testsuite hostname="DESKTOP-RCMCRH0" failures="0" tests="3" name="com.qa.testscripts.WorkingWithScreenshots" time="18.657" errors="0" timestamp="2021-01-07T17:01:59 IST" skipped="0">
  <testcase classname="com.qa.testscripts.WorkingWithScreenshots" name="getScreenShotOfPage" time="4.565"/>
  <system-out/>
  <testcase classname="com.qa.testscripts.WorkingWithScreenshots" name="getWebElementScreenshot" time="0.648"/>
  <system-out/>
  <testcase classname="com.qa.testscripts.WorkingWithScreenshots" name="AshotScreenCapture" time="13.444"/>
  <system-out/>
</testsuite> <!-- com.qa.testscripts.WorkingWithScreenshots -->
