<?xml version="1.0" encoding="UTF-8"?>
<!-- Generated by org.testng.reporters.JUnitReportReporter -->
<testsuite hostname="DESKTOP-RCMCRH0" failures="0" tests="1" name="com.qa.testscripts.WorkingWithWebTables" time="15.482" errors="0" timestamp="2021-01-06T15:50:04 IST" skipped="0">
  <testcase classname="com.qa.testscripts.WorkingWithWebTables" name="WebTables" time="15.482"/>
  <system-out/>
</testsuite> <!-- com.qa.testscripts.WorkingWithWebTables -->
