<?xml version="1.0" encoding="UTF-8"?>
<!-- Generated by org.testng.reporters.JUnitReportReporter -->
<testsuite hostname="DESKTOP-RCMCRH0" failures="0" tests="1" name="com.qa.testscripts.WorkingWithPoUp" time="18.105" errors="0" timestamp="2021-01-05T17:50:15 IST" skipped="0">
  <testcase classname="com.qa.testscripts.WorkingWithPoUp" name="SigIn" time="18.105"/>
  <system-out>
Please enter a valid user name  </system-out>
</testsuite> <!-- com.qa.testscripts.WorkingWithPoUp -->
