<?xml version="1.0" encoding="UTF-8"?>
<!-- Generated by org.testng.reporters.JUnitReportReporter -->
<testsuite hostname="DESKTOP-RCMCRH0" failures="0" tests="1" name="com.qa.testscripts.ExcelParameterizationAmazon" time="85.395" errors="0" timestamp="2021-01-06T17:55:03 IST" skipped="0">
  <testcase classname="com.qa.testscripts.ExcelParameterizationAmazon" name="SearchItem" time="85.395"/>
  <system-out/>
</testsuite> <!-- com.qa.testscripts.ExcelParameterizationAmazon -->
