<?xml version="1.0" encoding="UTF-8"?>
<!-- Generated by org.testng.reporters.JUnitReportReporter -->
<testsuite hostname="DESKTOP-RCMCRH0" failures="0" tests="1" name="com.qa.testscripts.WorkingWithFileUploadPopUp" time="20.731" errors="0" timestamp="2021-01-06T10:42:58 IST" skipped="0">
  <testcase classname="com.qa.testscripts.WorkingWithFileUploadPopUp" name="FileUploadPopUp" time="20.731"/>
  <system-out/>
</testsuite> <!-- com.qa.testscripts.WorkingWithFileUploadPopUp -->
