<?xml version="1.0" encoding="UTF-8"?>
<!-- Generated by org.testng.reporters.JUnitReportReporter -->
<testsuite hostname="DESKTOP-RCMCRH0" failures="0" tests="2" name="com.qa.testscripts.RediffNewRegistrationScript" time="153.533" errors="0" timestamp="2021-01-04T18:15:35 IST" skipped="0">
  <testcase classname="com.qa.testscripts.RediffNewRegistrationScript" name="ClickOnRegisterlink" time="127.062"/>
  <system-out/>
  <testcase classname="com.qa.testscripts.RediffNewRegistrationScript" name="SignInlInk" time="26.471"/>
  <system-out/>
</testsuite> <!-- com.qa.testscripts.RediffNewRegistrationScript -->
