<?xml version="1.0" encoding="UTF-8"?>
<!-- Generated by org.testng.reporters.JUnitReportReporter -->
<testsuite hostname="DESKTOP-RCMCRH0" failures="0" tests="1" name="com.qa.testscripts.parameterizationUsingProperties" time="14.750" errors="0" timestamp="2021-01-05T12:17:36 IST" skipped="0">
  <testcase classname="com.qa.testscripts.parameterizationUsingProperties" name="searchItem" time="14.750"/>
  <system-out>
Amazon.in : Wooden Tables  </system-out>
</testsuite> <!-- com.qa.testscripts.parameterizationUsingProperties -->
