<?xml version="1.0" encoding="UTF-8"?>
<!-- Generated by org.testng.reporters.JUnitReportReporter -->
<testsuite hostname="DESKTOP-RCMCRH0" failures="0" tests="3" name="com.qa.Utilities.ExcelDataProvider" time="0.019" errors="0" timestamp="2021-01-06T22:28:52 IST" skipped="0">
  <testcase classname="com.qa.Utilities.ExcelDataProvider" name="test1" time="0.015"/>
  <system-out/>
  <testcase classname="com.qa.Utilities.ExcelDataProvider" name="test1" time="0.003"/>
  <system-out/>
  <testcase classname="com.qa.Utilities.ExcelDataProvider" name="test1" time="0.001"/>
  <system-out/>
</testsuite> <!-- com.qa.Utilities.ExcelDataProvider -->
