<?xml version="1.0" encoding="UTF-8"?>
<!-- Generated by org.testng.reporters.JUnitReportReporter -->
<testsuite hostname="DESKTOP-RCMCRH0" failures="0" tests="1" name="com.qa.testscripts.WorkingWithBrokenLinks" time="78.696" errors="0" timestamp="2021-01-07T10:48:19 IST" skipped="0">
  <testcase classname="com.qa.testscripts.WorkingWithBrokenLinks" name="getAllLinks" time="78.696"/>
  <system-out/>
</testsuite> <!-- com.qa.testscripts.WorkingWithBrokenLinks -->
