<?xml version="1.0" encoding="UTF-8"?>
<!-- Generated by org.testng.reporters.JUnitReportReporter -->
<testsuite hostname="DESKTOP-RCMCRH0" failures="0" tests="1" name="com.qa.testscripts.WorkingWithHiddenPop" time="21.995" errors="0" timestamp="2021-01-06T10:22:46 IST" skipped="0">
  <testcase classname="com.qa.testscripts.WorkingWithHiddenPop" name="Hiddenpopup" time="21.995"/>
  <system-out/>
</testsuite> <!-- com.qa.testscripts.WorkingWithHiddenPop -->
