<?xml version="1.0" encoding="UTF-8"?>
<!-- Generated by org.testng.reporters.JUnitReportReporter -->
<testsuite hostname="DESKTOP-RCMCRH0" failures="0" tests="1" name="com.qa.testscripts.SampleBrokenLinks" time="91.602" errors="0" timestamp="2021-01-06T23:19:33 IST" skipped="0">
  <testcase classname="com.qa.testscripts.SampleBrokenLinks" name="TestLinks" time="91.602"/>
  <system-out/>
</testsuite> <!-- com.qa.testscripts.SampleBrokenLinks -->
