<?xml version="1.0" encoding="UTF-8"?>
<!-- Generated by org.testng.reporters.JUnitReportReporter -->
<testsuite hostname="DESKTOP-RCMCRH0" failures="0" tests="3" name="com.qa.testscripts.GoogleSearchDataExcel" time="17.189" errors="0" timestamp="2021-01-06T22:36:01 IST" skipped="0">
  <testcase classname="com.qa.testscripts.GoogleSearchDataExcel" name="GoogleSearch" time="5.959"/>
  <system-out>
software testing software testing methodologies software testing tools software testing life cycle software testing services software testing services company software testing interview questions software testing company software testing techniques software testing jobs   </system-out>
  <testcase classname="com.qa.testscripts.GoogleSearchDataExcel" name="GoogleSearch" time="5.203"/>
  <system-out>
automation testing automation testing tools automation testing interview questions automation testing jobs automation testing tools list automation testing jobs in hyderabad automation testing tutorial automation testing selenium automation testing means automation testing definition   </system-out>
  <testcase classname="com.qa.testscripts.GoogleSearchDataExcel" name="GoogleSearch" time="6.027"/>
  <system-out>
performance testing performance testing tools performance testing interview questions performance testing jobs in bangalore performance testing automation framework performance testing jobs performance testing in software testing performance testing jobs in hyderabad performance testing life cycle performance testing services   </system-out>
</testsuite> <!-- com.qa.testscripts.GoogleSearchDataExcel -->
