<?xml version="1.0" encoding="UTF-8"?>
<!-- Generated by org.testng.reporters.JUnitReportReporter -->
<testsuite hostname="DESKTOP-RCMCRH0" failures="0" tests="2" name="com.qa.testscripts.WorkingWithMultipleWindows" time="7.109" errors="0" timestamp="2021-01-05T16:39:20 IST" skipped="0">
  <testcase classname="com.qa.testscripts.WorkingWithMultipleWindows" name="CreateAccount" time="3.067"/>
  <system-out/>
  <testcase classname="com.qa.testscripts.WorkingWithMultipleWindows" name="MultipleWindows" time="4.042"/>
  <system-out>
Rediffmail Free Unlimited Storage Rediffmail: Terms and Conditions Welcome to rediff.com  </system-out>
</testsuite> <!-- com.qa.testscripts.WorkingWithMultipleWindows -->
