<?xml version="1.0" encoding="UTF-8"?>
<!-- Generated by org.testng.reporters.JUnitReportReporter -->
<testsuite hostname="DESKTOP-RCMCRH0" failures="0" tests="1" name="com.qa.testscripts.WorkingwithPopupEx3" time="15.724" errors="0" timestamp="2021-01-06T09:37:30 IST" skipped="0">
  <testcase classname="com.qa.testscripts.WorkingwithPopupEx3" name="popup" time="15.724"/>
  <system-out/>
</testsuite> <!-- com.qa.testscripts.WorkingwithPopupEx3 -->
