<?xml version="1.0" encoding="UTF-8"?>
<!-- Generated by org.testng.reporters.JUnitReportReporter -->
<testsuite hostname="DESKTOP-RCMCRH0" failures="0" tests="1" name="com.qa.testscripts.WorkingWithJSPopUP" time="14.993" errors="0" timestamp="2021-01-06T09:30:42 IST" skipped="0">
  <testcase classname="com.qa.testscripts.WorkingWithJSPopUP" name="popup" time="14.993"/>
  <system-out/>
</testsuite> <!-- com.qa.testscripts.WorkingWithJSPopUP -->
