<?xml version="1.0" encoding="UTF-8"?>
<!-- Generated by org.testng.reporters.JUnitReportReporter -->
<testsuite hostname="DESKTOP-RCMCRH0" failures="0" tests="1" name="com.qa.testscripts.WorkingWithActionClass" time="5.265" errors="0" timestamp="2021-01-06T12:55:47 IST" skipped="0">
  <testcase classname="com.qa.testscripts.WorkingWithActionClass" name="MouseHOver" time="5.265"/>
  <system-out>
Amazon Registration  </system-out>
</testsuite> <!-- com.qa.testscripts.WorkingWithActionClass -->
